[2026-04-26 23:14:47] local.ERROR: Call to undefined function Termwind\ValueObjects\mb_strimwidth() {"exception":"[object] (Error(code: 0): Call to undefined function Termwind\\ValueObjects\\mb_strimwidth() at D:\\xammp\\htdocs\\tripvendor\\vendor\\nunomaduro\\termwind\\src\\ValueObjects\\Styles.php:1052)
[stacktrace]
#0 D:\\xammp\\htdocs\\tripvendor\\vendor\\nunomaduro\\termwind\\src\\ValueObjects\\Styles.php(870): Termwind\\ValueObjects\\Styles::trimText('..................', 109)
#1 D:\\xammp\\htdocs\\tripvendor\\vendor\\nunomaduro\\termwind\\src\\ValueObjects\\Styles.php(732): Termwind\\ValueObjects\\Styles->applyWidth('..................')
#2 D:\\xammp\\htdocs\\tripvendor\\vendor\\nunomaduro\\termwind\\src\\Components\\Element.php(77): Termwind\\ValueObjects\\Styles->format('..................')
#3 D:\\xammp\\htdocs\\tripvendor\\vendor\\nunomaduro\\termwind\\src\\Components\\Element.php(120): Termwind\\Components\\Element->toString()
#4 [internal function]: Termwind\\Components\\Element->__toString()
#5 D:\\xammp\\htdocs\\tripvendor\\vendor\\nunomaduro\\termwind\\src\\Components\\Element.php(74): implode('', Array)
#6 D:\\xammp\\htdocs\\tripvendor\\vendor\\nunomaduro\\termwind\\src\\Components\\Element.php(112): Termwind\\Components\\Element->toString()
#7 D:\\xammp\\htdocs\\tripvendor\\vendor\\nunomaduro\\termwind\\src\\HtmlRenderer.php(24): Termwind\\Components\\Element->render(32)
#8 D:\\xammp\\htdocs\\tripvendor\\vendor\\nunomaduro\\termwind\\src\\Functions.php(41): Termwind\\HtmlRenderer->render('<div class=\"fle...', 32)
#9 D:\\xammp\\htdocs\\tripvendor\\vendor\\laravel\\framework\\src\\Illuminate\\Console\\View\\Components\\Component.php(52): Termwind\\render('<div class=\"fle...', 32)
#10 D:\\xammp\\htdocs\\tripvendor\\vendor\\laravel\\framework\\src\\Illuminate\\Console\\View\\Components\\TwoColumnDetail.php(31): Illuminate\\Console\\View\\Components\\Component->renderView('two-column-deta...', Array, 32)
#11 D:\\xammp\\htdocs\\tripvendor\\vendor\\laravel\\framework\\src\\Illuminate\\Database\\Seeder.php(53): Illuminate\\Console\\View\\Components\\TwoColumnDetail->render('Database\\\\Seeder...', '<fg=yellow;opti...')
#12 D:\\xammp\\htdocs\\tripvendor\\database\\seeders\\DatabaseSeeder.php(22): Illuminate\\Database\\Seeder->call('Database\\\\Seeder...')
#13 D:\\xammp\\htdocs\\tripvendor\\vendor\\laravel\\framework\\src\\Illuminate\\Container\\BoundMethod.php(36): Database\\Seeders\\DatabaseSeeder->run()
#14 D:\\xammp\\htdocs\\tripvendor\\vendor\\laravel\\framework\\src\\Illuminate\\Container\\Util.php(43): Illuminate\\Container\\BoundMethod::{closure:Illuminate\\Container\\BoundMethod::call():35}()
#15 D:\\xammp\\htdocs\\tripvendor\\vendor\\laravel\\framework\\src\\Illuminate\\Container\\BoundMethod.php(95): Illuminate\\Container\\Util::unwrapIfClosure(Object(Closure))
#16 D:\\xammp\\htdocs\\tripvendor\\vendor\\laravel\\framework\\src\\Illuminate\\Container\\BoundMethod.php(35): Illuminate\\Container\\BoundMethod::callBoundMethod(Object(Illuminate\\Foundation\\Application), Array, Object(Closure))
#17 D:\\xammp\\htdocs\\tripvendor\\vendor\\laravel\\framework\\src\\Illuminate\\Container\\Container.php(696): Illuminate\\Container\\BoundMethod::call(Object(Illuminate\\Foundation\\Application), Array, Array, NULL)
#18 D:\\xammp\\htdocs\\tripvendor\\vendor\\laravel\\framework\\src\\Illuminate\\Database\\Seeder.php(188): Illuminate\\Container\\Container->call(Array, Array)
#19 D:\\xammp\\htdocs\\tripvendor\\vendor\\laravel\\framework\\src\\Illuminate\\Database\\Seeder.php(197): Illuminate\\Database\\Seeder->{closure:Illuminate\\Database\\Seeder::__invoke():187}()
#20 D:\\xammp\\htdocs\\tripvendor\\vendor\\laravel\\framework\\src\\Illuminate\\Database\\Console\\Seeds\\SeedCommand.php(70): Illuminate\\Database\\Seeder->__invoke()
#21 D:\\xammp\\htdocs\\tripvendor\\vendor\\laravel\\framework\\src\\Illuminate\\Database\\Eloquent\\Concerns\\GuardsAttributes.php(155): Illuminate\\Database\\Console\\Seeds\\SeedCommand->{closure:Illuminate\\Database\\Console\\Seeds\\SeedCommand::handle():69}()
#22 D:\\xammp\\htdocs\\tripvendor\\vendor\\laravel\\framework\\src\\Illuminate\\Database\\Console\\Seeds\\SeedCommand.php(69): Illuminate\\Database\\Eloquent\\Model::unguarded(Object(Closure))
#23 D:\\xammp\\htdocs\\tripvendor\\vendor\\laravel\\framework\\src\\Illuminate\\Container\\BoundMethod.php(36): Illuminate\\Database\\Console\\Seeds\\SeedCommand->handle()
#24 D:\\xammp\\htdocs\\tripvendor\\vendor\\laravel\\framework\\src\\Illuminate\\Container\\Util.php(43): Illuminate\\Container\\BoundMethod::{closure:Illuminate\\Container\\BoundMethod::call():35}()
#25 D:\\xammp\\htdocs\\tripvendor\\vendor\\laravel\\framework\\src\\Illuminate\\Container\\BoundMethod.php(95): Illuminate\\Container\\Util::unwrapIfClosure(Object(Closure))
#26 D:\\xammp\\htdocs\\tripvendor\\vendor\\laravel\\framework\\src\\Illuminate\\Container\\BoundMethod.php(35): Illuminate\\Container\\BoundMethod::callBoundMethod(Object(Illuminate\\Foundation\\Application), Array, Object(Closure))
#27 D:\\xammp\\htdocs\\tripvendor\\vendor\\laravel\\framework\\src\\Illuminate\\Container\\Container.php(696): Illuminate\\Container\\BoundMethod::call(Object(Illuminate\\Foundation\\Application), Array, Array, NULL)
#28 D:\\xammp\\htdocs\\tripvendor\\vendor\\laravel\\framework\\src\\Illuminate\\Console\\Command.php(213): Illuminate\\Container\\Container->call(Array)
#29 D:\\xammp\\htdocs\\tripvendor\\vendor\\symfony\\console\\Command\\Command.php(318): Illuminate\\Console\\Command->execute(Object(Symfony\\Component\\Console\\Input\\ArgvInput), Object(Illuminate\\Console\\OutputStyle))
#30 D:\\xammp\\htdocs\\tripvendor\\vendor\\laravel\\framework\\src\\Illuminate\\Console\\Command.php(182): Symfony\\Component\\Console\\Command\\Command->run(Object(Symfony\\Component\\Console\\Input\\ArgvInput), Object(Illuminate\\Console\\OutputStyle))
#31 D:\\xammp\\htdocs\\tripvendor\\vendor\\symfony\\console\\Application.php(1092): Illuminate\\Console\\Command->run(Object(Symfony\\Component\\Console\\Input\\ArgvInput), Object(Symfony\\Component\\Console\\Output\\ConsoleOutput))
#32 D:\\xammp\\htdocs\\tripvendor\\vendor\\symfony\\console\\Application.php(341): Symfony\\Component\\Console\\Application->doRunCommand(Object(Illuminate\\Database\\Console\\Seeds\\SeedCommand), Object(Symfony\\Component\\Console\\Input\\ArgvInput), Object(Symfony\\Component\\Console\\Output\\ConsoleOutput))
#33 D:\\xammp\\htdocs\\tripvendor\\vendor\\symfony\\console\\Application.php(192): Symfony\\Component\\Console\\Application->doRun(Object(Symfony\\Component\\Console\\Input\\ArgvInput), Object(Symfony\\Component\\Console\\Output\\ConsoleOutput))
#34 D:\\xammp\\htdocs\\tripvendor\\vendor\\laravel\\framework\\src\\Illuminate\\Foundation\\Console\\Kernel.php(198): Symfony\\Component\\Console\\Application->run(Object(Symfony\\Component\\Console\\Input\\ArgvInput), Object(Symfony\\Component\\Console\\Output\\ConsoleOutput))
#35 D:\\xammp\\htdocs\\tripvendor\\artisan(35): Illuminate\\Foundation\\Console\\Kernel->handle(Object(Symfony\\Component\\Console\\Input\\ArgvInput), Object(Symfony\\Component\\Console\\Output\\ConsoleOutput))
#36 {main}
"} 
